<?xml version="1.0" encoding="UTF-8"?>
<testng-results ignored="0" total="2" passed="2" failed="0" skipped="0">
  <reporter-output>
  </reporter-output>
  <suite started-at="2021-04-14T13:19:49 IST" name="Suite" finished-at="2021-04-14T13:20:12 IST" duration-ms="22639">
    <groups>
    </groups>
    <test started-at="2021-04-14T13:19:49 IST" name="Test" finished-at="2021-04-14T13:20:12 IST" duration-ms="22639">
      <class name="org.TestNg.Example">
        <test-method signature="testOne(java.lang.String, java.lang.String)[pri:0, instance:org.TestNg.Example@2177849e]" started-at="2021-04-14T13:19:50 IST" name="testOne" finished-at="2021-04-14T13:20:00 IST" duration-ms="10134" status="PASS">
          <params>
            <param index="0">
              <value>
                <![CDATA[vignesh1909]]>
              </value>
            </param>
            <param index="1">
              <value>
                <![CDATA[770870]]>
              </value>
            </param>
          </params>
          <reporter-output>
          </reporter-output>
        </test-method> <!-- testOne -->
      </class> <!-- org.TestNg.Example -->
      <class name="org.TestNg.Example1">
        <test-method signature="testTwo(java.lang.String, java.lang.String)[pri:0, instance:org.TestNg.Example1@40cb8df7]" started-at="2021-04-14T13:20:00 IST" name="testTwo" finished-at="2021-04-14T13:20:12 IST" duration-ms="12354" status="PASS">
          <params>
            <param index="0">
              <value>
                <![CDATA[vignesh1606]]>
              </value>
            </param>
            <param index="1">
              <value>
                <![CDATA[19091606]]>
              </value>
            </param>
          </params>
          <reporter-output>
          </reporter-output>
        </test-method> <!-- testTwo -->
      </class> <!-- org.TestNg.Example1 -->
    </test> <!-- Test -->
  </suite> <!-- Suite -->
</testng-results>
